<?xml version="1.0" encoding="UTF-8"?>
<!-- Generated by org.testng.reporters.JUnitXMLReporter -->
<testsuite ignored="0" hostname="TYSS-Akshay" failures="0" tests="3" name="Default test" time="38.192" errors="0" timestamp="2025-03-14T13:37:14 IST">
  <testcase classname="Tests.StandAloneTest" name="submitOrder" time="18.393"/>
  <testcase classname="Tests.StandAloneTest" name="submitOrder" time="16.95"/>
  <testcase classname="Tests.StandAloneTest" name="OrderHistoryTest" time="2.46"/>
</testsuite> <!-- Default test -->
