<?xml version="1.0" encoding="UTF-8"?>
<!-- Generated by org.testng.reporters.JUnitXMLReporter -->
<testsuite ignored="0" hostname="TYSS-Akshay" failures="2" tests="3" name="ErrorValidation" time="33.764" errors="0" timestamp="2025-03-17T22:54:41 IST">
  <testcase classname="Tests.ErrorValidation" name="SubmiteOrder" time="5.01">
    <skipped/>
  </testcase> <!-- SubmiteOrder -->
  <testcase classname="Tests.ErrorValidation" name="SubmiteOrder" time="2.151">
    <failure type="java.lang.AssertionError" message="expected [Incorrect email or password.] but found [Incorrect email password.]">
      <![CDATA[java.lang.AssertionError: expected [Incorrect email or password.] but found [Incorrect email password.]
at Tests.ErrorValidation.SubmiteOrder(ErrorValidation.java:26)
at java.base/java.util.ArrayList.forEach(ArrayList.java:1597)
at java.base/java.util.concurrent.FutureTask.run(FutureTask.java:317)
at java.base/java.util.concurrent.ThreadPoolExecutor.runWorker(ThreadPoolExecutor.java:1144)
at java.base/java.util.concurrent.ThreadPoolExecutor$Worker.run(ThreadPoolExecutor.java:642)
at java.base/java.lang.Thread.run(Thread.java:1570)
... Removed 21 stack frames]]>
    </failure>
  </testcase> <!-- SubmiteOrder -->
  <testcase classname="Tests.ErrorValidation" name="VarifyProductAddToCart" time="26.216">
    <failure type="java.lang.AssertionError" message="expected [true] but found [false]">
      <![CDATA[java.lang.AssertionError: expected [true] but found [false]
at Tests.ErrorValidation.VarifyProductAddToCart(ErrorValidation.java:43)
at java.base/java.util.ArrayList.forEach(ArrayList.java:1597)
at java.base/java.util.concurrent.FutureTask.run(FutureTask.java:317)
at java.base/java.util.concurrent.ThreadPoolExecutor.runWorker(ThreadPoolExecutor.java:1144)
at java.base/java.util.concurrent.ThreadPoolExecutor$Worker.run(ThreadPoolExecutor.java:642)
at java.base/java.lang.Thread.run(Thread.java:1570)
... Removed 19 stack frames]]>
    </failure>
  </testcase> <!-- VarifyProductAddToCart -->
</testsuite> <!-- ErrorValidation -->
