<?xml version="1.0" encoding="UTF-8"?>
<!-- Generated by org.testng.reporters.JUnitXMLReporter -->
<testsuite ignored="0" hostname="TYSS-Akshay" failures="0" tests="3" name="StandAloneTest" time="46.265" errors="0" timestamp="2025-03-17T22:54:53 IST">
  <testcase classname="Tests.StandAloneTest" name="submitOrder" time="19.166"/>
  <testcase classname="Tests.StandAloneTest" name="submitOrder" time="17.424"/>
  <testcase classname="Tests.StandAloneTest" name="OrderHistoryTest" time="9.294"/>
</testsuite> <!-- StandAloneTest -->
